<?xml version="1.0" encoding="UTF-8"?>
<!-- Generated by org.testng.reporters.JUnitXMLReporter -->
<testsuite ignored="3" hostname="Rahul" failures="0" tests="1" name="Default test" time="6.896" errors="0" timestamp="2024-08-05T20:21:14 IST">
  <testcase classname="utils.BaseTest" name="setup" time="6.837"/>
  <testcase classname="utils.BaseTest" name="testEdge" time="0.0">
    <ignored/>
  </testcase> <!-- testEdge -->
  <testcase classname="utils.BaseTest" name="testChrome" time="0.0">
    <ignored/>
  </testcase> <!-- testChrome -->
  <testcase classname="utils.BaseTest" name="testFirefox" time="0.0">
    <ignored/>
  </testcase> <!-- testFirefox -->
</testsuite> <!-- Default test -->
