<?xml version="1.0" encoding="UTF-8"?>
<testng-results ignored="0" total="1" passed="1" failed="0" skipped="0">
  <reporter-output>
  </reporter-output>
  <suite started-at="2024-08-05T20:21:07 IST" name="Default suite" finished-at="2024-08-05T20:21:14 IST" duration-ms="6896">
    <groups>
    </groups>
    <test started-at="2024-08-05T20:21:07 IST" name="Default test" finished-at="2024-08-05T20:21:14 IST" duration-ms="6896">
      <class name="utils.BaseTest">
        <test-method signature="setup()[pri:0, instance:utils.BaseTest@6be968ce]" started-at="2024-08-05T20:21:07 IST" name="setup" finished-at="2024-08-05T20:21:14 IST" duration-ms="6837" status="PASS">
          <reporter-output>
          </reporter-output>
        </test-method> <!-- setup -->
      </class> <!-- utils.BaseTest -->
    </test> <!-- Default test -->
  </suite> <!-- Default suite -->
</testng-results>
